Arguments: 
  /usr/local/Cellar/node@10/10.19.0/bin/node /Users/isaacisrael/code/profile/node_modules/.bin/yarn install

PATH: 
  ./bin:./node_modules/.bin:/Users/isaacisrael/.rbenv/shims:/Users/isaacisrael/.rbenv/bin:/usr/local/bin:/usr/bin:/bin:/usr/sbin:/sbin:/usr/local/sbin:/Users/isaacisrael/Android/Sdk/tools:/Users/isaacisrael/Android/Sdk/platform-tools

Yarn version: 
  1.22.4

Node version: 
  10.19.0

Platform: 
  darwin x64

Trace: 
  SyntaxError: /Users/isaacisrael/code/profile/package.json: Unexpected string in JSON at position 471
      at JSON.parse (<anonymous>)
      at /Users/isaacisrael/code/profile/node_modules/yarn/lib/cli.js:1625:59
      at Generator.next (<anonymous>)
      at step (/Users/isaacisrael/code/profile/node_modules/yarn/lib/cli.js:310:30)
      at /Users/isaacisrael/code/profile/node_modules/yarn/lib/cli.js:321:13

npm manifest: 
  {
    "name": "Profile",
    "version": "1.0.0",
    "main": "index.js",
    "repository": "git@github.com:IsaacIsrael/profile.git",
    "author": "isaac israel <email.iisrael@gmail.com>",
    "license": "MIT",
    "devDependencies": {
      "eslint": "^5.9.0",
      "eslint-config-airbnb-base": "^13.1.0",
      "eslint-plugin-import": "^2.14.0",
      "webpack": "^4.25.1",
      "webpack-cli": "^3.1.2",
      "webpack-dev-server": "^3.1.10"
    },
    "dependencies": {
      "yarn": "^1.22.4"
      "bootstrap": "^4.4.1",
      "jquery": "^3.5.0",
      "popper.js": "^1.14.7",
    }
  }

yarn manifest: 
  No manifest

Lockfile: 
  # THIS IS AN AUTOGENERATED FILE. DO NOT EDIT THIS FILE DIRECTLY.
  # yarn lockfile v1
  
  
  jquery@^3.2.1:
    version "3.5.1"
    resolved "https://registry.yarnpkg.com/jquery/-/jquery-3.5.1.tgz#d7b4d08e1bfdb86ad2f1a3d039ea17304717abb5"
    integrity sha512-XwIBPqcMn57FxfT+Go5pzySnm4KWkT1Tv7gjrpT1srtf8Weynl6R273VJ5GjkRb51IzMp5nbaPjJXMWeju2MKg==
  
  yarn@^1.22.4:
    version "1.22.4"
    resolved "https://registry.yarnpkg.com/yarn/-/yarn-1.22.4.tgz#01c1197ca5b27f21edc8bc472cd4c8ce0e5a470e"
    integrity sha512-oYM7hi/lIWm9bCoDMEWgffW8aiNZXCWeZ1/tGy0DWrN6vmzjCXIKu2Y21o8DYVBUtiktwKcNoxyGl/2iKLUNGA==
